--- Starting Verification ---
Testing Profile Update...
Traceback (most recent call last):
  File "/mnt/data/kyellsen/410_Packages/arbolab_mvp/.venv/lib64/python3.12/site-packages/sqlalchemy/engine/base.py", line 1967, in _exec_single_context
    self.dialect.do_execute(
  File "/mnt/data/kyellsen/410_Packages/arbolab_mvp/.venv/lib64/python3.12/site-packages/sqlalchemy/engine/default.py", line 952, in do_execute
    cursor.execute(statement, parameters)
sqlite3.OperationalError: no such column: user.full_name

The above exception was the direct cause of the following exception:

Traceback (most recent call last):
  File "/mnt/data/kyellsen/410_Packages/arbolab_mvp/debug_settings.py", line 66, in <module>
    verify_settings()
  File "/mnt/data/kyellsen/410_Packages/arbolab_mvp/debug_settings.py", line 31, in verify_settings
    user = session.exec(select(User)).first()
           ^^^^^^^^^^^^^^^^^^^^^^^^^^
  File "/mnt/data/kyellsen/410_Packages/arbolab_mvp/.venv/lib64/python3.12/site-packages/sqlmodel/orm/session.py", line 81, in exec
    results = super().execute(
              ^^^^^^^^^^^^^^^^
  File "/mnt/data/kyellsen/410_Packages/arbolab_mvp/.venv/lib64/python3.12/site-packages/sqlalchemy/orm/session.py", line 2351, in execute
    return self._execute_internal(
           ^^^^^^^^^^^^^^^^^^^^^^^
  File "/mnt/data/kyellsen/410_Packages/arbolab_mvp/.venv/lib64/python3.12/site-packages/sqlalchemy/orm/session.py", line 2249, in _execute_internal
    result: Result[Any] = compile_state_cls.orm_execute_statement(
                          ^^^^^^^^^^^^^^^^^^^^^^^^^^^^^^^^^^^^^^^^
  File "/mnt/data/kyellsen/410_Packages/arbolab_mvp/.venv/lib64/python3.12/site-packages/sqlalchemy/orm/context.py", line 306, in orm_execute_statement
    result = conn.execute(
             ^^^^^^^^^^^^^
  File "/mnt/data/kyellsen/410_Packages/arbolab_mvp/.venv/lib64/python3.12/site-packages/sqlalchemy/engine/base.py", line 1419, in execute
    return meth(
           ^^^^^
  File "/mnt/data/kyellsen/410_Packages/arbolab_mvp/.venv/lib64/python3.12/site-packages/sqlalchemy/sql/elements.py", line 527, in _execute_on_connection
    return connection._execute_clauseelement(
           ^^^^^^^^^^^^^^^^^^^^^^^^^^^^^^^^^^
  File "/mnt/data/kyellsen/410_Packages/arbolab_mvp/.venv/lib64/python3.12/site-packages/sqlalchemy/engine/base.py", line 1641, in _execute_clauseelement
    ret = self._execute_context(
          ^^^^^^^^^^^^^^^^^^^^^^
  File "/mnt/data/kyellsen/410_Packages/arbolab_mvp/.venv/lib64/python3.12/site-packages/sqlalchemy/engine/base.py", line 1846, in _execute_context
    return self._exec_single_context(
           ^^^^^^^^^^^^^^^^^^^^^^^^^^
  File "/mnt/data/kyellsen/410_Packages/arbolab_mvp/.venv/lib64/python3.12/site-packages/sqlalchemy/engine/base.py", line 1986, in _exec_single_context
    self._handle_dbapi_exception(
  File "/mnt/data/kyellsen/410_Packages/arbolab_mvp/.venv/lib64/python3.12/site-packages/sqlalchemy/engine/base.py", line 2363, in _handle_dbapi_exception
    raise sqlalchemy_exception.with_traceback(exc_info[2]) from e
  File "/mnt/data/kyellsen/410_Packages/arbolab_mvp/.venv/lib64/python3.12/site-packages/sqlalchemy/engine/base.py", line 1967, in _exec_single_context
    self.dialect.do_execute(
  File "/mnt/data/kyellsen/410_Packages/arbolab_mvp/.venv/lib64/python3.12/site-packages/sqlalchemy/engine/default.py", line 952, in do_execute
    cursor.execute(statement, parameters)
sqlalchemy.exc.OperationalError: (sqlite3.OperationalError) no such column: user.full_name
[SQL: SELECT user.id, user.email, user.hashed_password, user.is_active, user.created_at, user.full_name, user.organization, user.address_line1, user.address_line2, user.city, user.zip_code, user.country 
FROM user]
(Background on this error at: https://sqlalche.me/e/20/e3q8)
