============================= test session starts ==============================
platform linux -- Python 3.12.12, pytest-9.0.2, pluggy-1.6.0
rootdir: /mnt/data/kyellsen/410_Packages/arbolab_mvp/packages/arbolab
configfile: pyproject.toml
plugins: cov-7.0.0, anyio-4.12.1
collected 6 items

packages/arbolab/tests/test_domain_crud.py ....F.                        [100%]

=================================== FAILURES ===================================
___________________________ test_view_representation ___________________________

session = <sqlalchemy.orm.session.Session object at 0x7fb731187680>

    def test_view_representation(session: Session) -> None:
        """Test string representations."""
        # Case 1: With name
        p1 = Project(name="MyProject")
        session.add(p1)
        session.flush()
    
        assert str(p1) == "MyProject"
        assert "MyProject" in repr(p1)
        assert "Project" in repr(p1)
        assert f"id={p1.id}" in repr(p1)
    
        # Case 2: Without name (transient or no name field)
        # Project has optional name, let's try one without
        p2 = Project()
        session.add(p2)
        session.flush()
        # Fallback for str usually classes name + id
        assert str(p2) == f"Project #{p2.id}"
    
        # Transient
        p3 = Project(name="Transient")
>       assert "transient" in repr(p3)
E       assert 'transient' in "<Project id=None name='Transient'>"
E        +  where "<Project id=None name='Transient'>" = repr(<Project id=None name='Transient'>)

packages/arbolab/tests/test_domain_crud.py:87: AssertionError
=========================== short test summary info ============================
FAILED packages/arbolab/tests/test_domain_crud.py::test_view_representation
========================= 1 failed, 5 passed in 0.93s ==========================
