Starting verification script...
PYTHONPATH: ['/mnt/data/kyellsen/410_Packages/arbolab_mvp/apps/web', '/usr/lib64/python312.zip', '/usr/lib64/python3.12', '/usr/lib64/python3.12/lib-dynload', '/mnt/data/kyellsen/410_Packages/arbolab_mvp/.venv/lib64/python3.12/site-packages', '/mnt/data/kyellsen/410_Packages/arbolab_mvp/packages/core/src', '/mnt/data/kyellsen/410_Packages/arbolab_mvp/packages/arbolab-logger/src', '/mnt/data/kyellsen/410_Packages/arbolab_mvp/.venv/lib/python3.12/site-packages', '/mnt/data/kyellsen/410_Packages/arbolab_mvp']
Import Error: The starlette.testclient module requires the httpx package to be installed.
You can install this with:
    $ pip install httpx

Traceback (most recent call last):
  File "/mnt/data/kyellsen/410_Packages/arbolab_mvp/.venv/lib64/python3.12/site-packages/starlette/testclient.py", line 38, in <module>
    import httpx
ModuleNotFoundError: No module named 'httpx'

During handling of the above exception, another exception occurred:

Traceback (most recent call last):
  File "/mnt/data/kyellsen/410_Packages/arbolab_mvp/apps/web/test_explorer_refactor.py", line 12, in <module>
    from fastapi.testclient import TestClient
  File "/mnt/data/kyellsen/410_Packages/arbolab_mvp/.venv/lib64/python3.12/site-packages/fastapi/testclient.py", line 1, in <module>
    from starlette.testclient import TestClient as TestClient  # noqa
    ^^^^^^^^^^^^^^^^^^^^^^^^^^^^^^^^^^^^^^^^^^^^^^^^^^^^^^^^^
  File "/mnt/data/kyellsen/410_Packages/arbolab_mvp/.venv/lib64/python3.12/site-packages/starlette/testclient.py", line 40, in <module>
    raise RuntimeError(
RuntimeError: The starlette.testclient module requires the httpx package to be installed.
You can install this with:
    $ pip install httpx

